<?xml version="1.0" encoding="UTF-8"?>
<!-- Generated by org.testng.reporters.JUnitReportReporter -->
<testsuite skipped="0" hostname="Keshavas-MacBook-Pro.local" name="com.company.project.tests.collections.RestautantCollectionCityTest" tests="3" failures="0" timestamp="02 Dec 2019 04:12:56 GMT" time="3.206" errors="0">
  <testcase name="getRestaurantCollectionsInvalidCity" time="0.208" classname="com.company.project.tests.collections.RestautantCollectionCityTest"/>
  <testcase name="getRestaurantCollectionsCity" time="2.789" classname="com.company.project.tests.collections.RestautantCollectionCityTest"/>
  <testcase name="getRestaurantCollectionsNegativeId" time="0.209" classname="com.company.project.tests.collections.RestautantCollectionCityTest"/>
</testsuite> <!-- com.company.project.tests.collections.RestautantCollectionCityTest -->
