<?xml version="1.0" encoding="UTF-8"?>
<!-- Generated by org.testng.reporters.JUnitReportReporter -->
<testsuite skipped="0" hostname="Keshavas-MacBook-Pro.local" name="com.company.project.tests.CuisinesDetails" tests="1" failures="0" timestamp="01 Dec 2019 08:32:41 GMT" time="32.554" errors="0">
  <testcase name="getCuisinesDetailsForCity" time="32.554" classname="com.company.project.tests.CuisinesDetails"/>
</testsuite> <!-- com.company.project.tests.CuisinesDetails -->
