<?xml version="1.0" encoding="UTF-8"?>
<!-- Generated by org.testng.reporters.JUnitReportReporter -->
<testsuite skipped="0" hostname="Keshavas-MacBook-Pro.local" name="com.company.project.tests.RestaurantDetails" tests="1" failures="0" timestamp="30 Nov 2019 10:34:22 GMT" time="139.259" errors="0">
  <testcase name="searchRestaurantsWithQuery" time="139.259" classname="com.company.project.tests.RestaurantDetails"/>
</testsuite> <!-- com.company.project.tests.RestaurantDetails -->
