<?xml version="1.0" encoding="UTF-8"?>
<!-- Generated by org.testng.reporters.JUnitReportReporter -->
<testsuite skipped="0" hostname="Keshavas-MacBook-Pro.local" name="com.company.project.tests.collections.RestautantCollectionCoOrdinatesTest" tests="2" failures="0" timestamp="02 Dec 2019 04:13:07 GMT" time="2.926" errors="0">
  <testcase name="getRestaurantCollectionsCoOrdinates" time="2.491" classname="com.company.project.tests.collections.RestautantCollectionCoOrdinatesTest"/>
  <testcase name="getRestaurantCollectionsNegativeCoOrdinates" time="0.435" classname="com.company.project.tests.collections.RestautantCollectionCoOrdinatesTest"/>
</testsuite> <!-- com.company.project.tests.collections.RestautantCollectionCoOrdinatesTest -->
