<?xml version="1.0" encoding="UTF-8"?>
<!-- Generated by org.testng.reporters.JUnitReportReporter -->
<testsuite skipped="0" hostname="Keshavas-MacBook-Pro.local" name="com.company.project.tests.collections.RestautantCollectionCounts" tests="4" failures="0" timestamp="02 Dec 2019 04:13:22 GMT" time="3.322" errors="0">
  <testcase name="getRestaurantCollectionsCount" time="2.333" classname="com.company.project.tests.collections.RestautantCollectionCounts"/>
  <testcase name="getRestaurantCollectionsEmptyCount" time="0.384" classname="com.company.project.tests.collections.RestautantCollectionCounts"/>
  <testcase name="getRestaurantCollectionsNegativeCount" time="0.288" classname="com.company.project.tests.collections.RestautantCollectionCounts"/>
  <testcase name="getRestaurantCollectionsInvalidCount" time="0.317" classname="com.company.project.tests.collections.RestautantCollectionCounts"/>
</testsuite> <!-- com.company.project.tests.collections.RestautantCollectionCounts -->
