<?xml version="1.0" encoding="UTF-8"?>
<!-- Generated by org.testng.reporters.JUnitReportReporter -->
<testsuite skipped="0" hostname="Keshavas-MacBook-Pro.local" name="com.company.project.tests.RestautantCollectionTest" tests="3" failures="0" timestamp="01 Dec 2019 09:19:43 GMT" time="3.252" errors="0">
  <testcase name="getRestaurantCollectionsInvalidCity" time="0.221" classname="com.company.project.tests.RestautantCollectionTest"/>
  <testcase name="getRestaurantCollectionsNegativeId" time="0.260" classname="com.company.project.tests.RestautantCollectionTest"/>
  <testcase name="getRestaurantCollectionsCity" time="2.771" classname="com.company.project.tests.RestautantCollectionTest"/>
</testsuite> <!-- com.company.project.tests.RestautantCollectionTest -->
